<?xml version="1.0" encoding="UTF-8"?>
<testng-results skipped="0" failed="0" total="4" passed="4">
  <reporter-output>
  </reporter-output>
  <suite name="Default suite" duration-ms="10132" started-at="2015-06-25T12:08:21Z" finished-at="2015-06-25T12:08:31Z">
    <groups>
    </groups>
    <test name="Default test" duration-ms="10132" started-at="2015-06-25T12:08:21Z" finished-at="2015-06-25T12:08:31Z">
      <class name="com.example.tests.EntityCreationTests">
        <test-method status="PASS" signature="setUp()[pri:0, instance:com.example.tests.EntityCreationTests@2471cca7]" name="setUp" is-config="true" duration-ms="3424" started-at="2015-06-25T15:08:21Z" finished-at="2015-06-25T15:08:24Z">
          <reporter-output>
          </reporter-output>
        </test-method> <!-- setUp -->
        <test-method status="PASS" signature="testEmptyContactCreation()[pri:0, instance:com.example.tests.EntityCreationTests@2471cca7]" name="testEmptyContactCreation" duration-ms="1945" started-at="2015-06-25T15:08:24Z" finished-at="2015-06-25T15:08:26Z">
          <reporter-output>
          </reporter-output>
        </test-method> <!-- testEmptyContactCreation -->
        <test-method status="PASS" signature="testEmptyEmptyGroupCreation()[pri:0, instance:com.example.tests.EntityCreationTests@2471cca7]" name="testEmptyEmptyGroupCreation" duration-ms="1097" started-at="2015-06-25T15:08:26Z" finished-at="2015-06-25T15:08:27Z">
          <reporter-output>
          </reporter-output>
        </test-method> <!-- testEmptyEmptyGroupCreation -->
        <test-method status="PASS" signature="testNonEmptyContactCreation()[pri:0, instance:com.example.tests.EntityCreationTests@2471cca7]" name="testNonEmptyContactCreation" duration-ms="2229" started-at="2015-06-25T15:08:27Z" finished-at="2015-06-25T15:08:30Z">
          <reporter-output>
          </reporter-output>
        </test-method> <!-- testNonEmptyContactCreation -->
        <test-method status="PASS" signature="testNonEmptyGroupCreation()[pri:0, instance:com.example.tests.EntityCreationTests@2471cca7]" name="testNonEmptyGroupCreation" duration-ms="1004" started-at="2015-06-25T15:08:30Z" finished-at="2015-06-25T15:08:31Z">
          <reporter-output>
          </reporter-output>
        </test-method> <!-- testNonEmptyGroupCreation -->
        <test-method status="PASS" signature="tearDown()[pri:0, instance:com.example.tests.EntityCreationTests@2471cca7]" name="tearDown" is-config="true" duration-ms="422" started-at="2015-06-25T15:08:31Z" finished-at="2015-06-25T15:08:31Z">
          <reporter-output>
          </reporter-output>
        </test-method> <!-- tearDown -->
      </class> <!-- com.example.tests.EntityCreationTests -->
    </test> <!-- Default test -->
  </suite> <!-- Default suite -->
</testng-results>
