<?xml version="1.0" encoding="UTF-8"?>
<!-- Generated by org.testng.reporters.JUnitXMLReporter -->
<testsuite hostname="Tanya-Laptop" name="Default test" tests="4" failures="0" timestamp="25 Jun 2015 08:35:27 GMT" time="7.727" errors="0">
  <testcase name="testEmptyEmptyGroupCreation" time="1.137" classname="com.example.tests.GroupCreationTests"/>
  <testcase name="testNonEmptyGroupCreation" time="1.06" classname="com.example.tests.GroupCreationTests"/>
  <testcase name="testEmptyEmptyGroupCreation" time="0.93" classname="com.example.tests.AlsoGroupCreationTests"/>
  <testcase name="testNonEmptyGroupCreation" time="0.943" classname="com.example.tests.AlsoGroupCreationTests"/>
</testsuite> <!-- Default test -->
